[www.terraria.org/index.html]
[www.terraria.org/favicon.ico]
[www.terraria.org/apple-touch-icon.png]
[backblue.gif]
[fade.gif]
[index.html]
[www.terraria.org/manifest.json]
[terraria.org/TerrariaLogoOG.png]
[www.terraria.org/static/css/2.333d6386.chunk.css]
[www.terraria.org/static/css/main.19331e32.chunk.css]
[www.terraria.org/static/js/2.5f927701.chunk.js]
[www.terraria.org/index.html]
[www.terraria.org/static/css/2.333d6386.chunk.css]
[www.terraria.org/static/js/main.61ebd860.chunk.js]
[www.terraria.org/static/media/background.ea292d81.jpg]
[www.terraria.org/static/media/bar.282c97cf.png]
[www.terraria.org/static/media/active_bar.5c9f76b2.jpg]
[www.terraria.org/static/media/buy_bar.84cec77d.png]
[www.terraria.org/static/media/buy_icons.e8a206ab.gif]
[www.terraria.org/static/css/main.19331e32.chunk.css]
